Using pre-set license
Built from '2021.1/staging' branch; Version is '2021.1.3f1 (4bef613afd59) revision 4976481'; Using compiler version '192528614'; Build Type 'Release'
OS: 'Windows 10 Pro; OS build 19044.2006; Version 2009; 64bit' Language: 'en' Physical Memory: 65449 MB
BatchMode: 1, IsHumanControllingUs: 0, StartBugReporterOnCrash: 0, Is64bit: 1, IsPro: 0

 COMMAND LINE ARGUMENTS:
C:\Program Files\Unity\Hub\Editor\2021.1.3f1\Editor\Unity.exe
-adb2
-batchMode
-noUpm
-name
AssetImportWorker0
-projectPath
C:/Users/IkAtZ/Documents/GitHub/SandMan/SandManGame/SandMan
-logFile
Logs/AssetImportWorker0.log
-srvPort
4151
Successfully changed project path to: C:/Users/IkAtZ/Documents/GitHub/SandMan/SandManGame/SandMan
C:/Users/IkAtZ/Documents/GitHub/SandMan/SandManGame/SandMan
Using Asset Import Pipeline V2.
Refreshing native plugins compatible for Editor in 112.99 ms, found 2 plugins.
Preloading 0 native plugins for Editor in 0.00 ms.
Initialize engine version: 2021.1.3f1 (4bef613afd59)
[Subsystems] Discovering subsystems at path C:/Program Files/Unity/Hub/Editor/2021.1.3f1/Editor/Data/Resources/UnitySubsystems
[Subsystems] Discovering subsystems at path C:/Users/IkAtZ/Documents/GitHub/SandMan/SandManGame/SandMan/Assets
GfxDevice: creating device client; threaded=0; jobified=0
Direct3D:
    Version:  Direct3D 11.0 [level 11.1]
    Renderer: NVIDIA GeForce GTX 1060 6GB (ID=0x1c03)
    Vendor:   NVIDIA
    VRAM:     6052 MB
    Driver:   31.0.15.1748
Initialize mono
Mono path[0] = 'C:/Program Files/Unity/Hub/Editor/2021.1.3f1/Editor/Data/Managed'
Mono path[1] = 'C:/Program Files/Unity/Hub/Editor/2021.1.3f1/Editor/Data/MonoBleedingEdge/lib/mono/unityjit'
Mono config path = 'C:/Program Files/Unity/Hub/Editor/2021.1.3f1/Editor/Data/MonoBleedingEdge/etc'
Using monoOptions --debugger-agent=transport=dt_socket,embedding=1,server=y,suspend=n,address=127.0.0.1:56100
Begin MonoManager ReloadAssembly
Registering precompiled unity dll's ...
Register platform support module: C:/Program Files/Unity/Hub/Editor/2021.1.3f1/Editor/Data/PlaybackEngines/WindowsStandaloneSupport/UnityEditor.WindowsStandalone.Extensions.dll
Registered in 0.002651 seconds.
Native extension for WindowsStandalone target not found
Refreshing native plugins compatible for Editor in 117.40 ms, found 2 plugins.
Preloading 0 native plugins for Editor in 0.00 ms.
Mono: successfully reloaded assembly
- Completed reload, in  1.536 seconds
Platform modules already initialized, skipping
Registering precompiled user dll's ...
Registered in 0.004431 seconds.
Begin MonoManager ReloadAssembly
Native extension for WindowsStandalone target not found
Refreshing native plugins compatible for Editor in 114.69 ms, found 2 plugins.
Preloading 0 native plugins for Editor in 0.00 ms.
Mono: successfully reloaded assembly
- Completed reload, in  1.344 seconds
Platform modules already initialized, skipping
========================================================================
Worker process is ready to serve import requests
Launched and connected shader compiler UnityShaderCompiler.exe after 0.06 seconds
Refreshing native plugins compatible for Editor in 1.05 ms, found 2 plugins.
Preloading 0 native plugins for Editor in 0.00 ms.
Unloading 3370 Unused Serialized files (Serialized files now loaded: 0)
System memory in use before: 127.9 MB.
System memory in use after: 128.0 MB.

Unloading 29 unused Assets to reduce memory usage. Loaded Objects now: 3822.
Total: 2.942000 ms (FindLiveObjects: 0.296600 ms CreateObjectMapping: 0.085500 ms MarkObjects: 2.428600 ms  DeleteObjects: 0.129400 ms)

========================================================================
Received Import Request.
  path: Assets
  artifactKey: Guid(00000000000000001000000000000000) Importer(815301076,1909f56bfc062723c751e8b465ee728b)
Start importing Assets using Guid(00000000000000001000000000000000) Importer(815301076,1909f56bfc062723c751e8b465ee728b)  -> (artifact id: 'efcc68737208a1d7a8581e190ec11b99') in 0.009166 seconds 
========================================================================
Received Import Request.
  Time since last request: 0.000343 seconds.
  path: Assets/Scripts
  artifactKey: Guid(c385875eda6a3a943bc502f383b37342) Importer(815301076,1909f56bfc062723c751e8b465ee728b)
Start importing Assets/Scripts using Guid(c385875eda6a3a943bc502f383b37342) Importer(815301076,1909f56bfc062723c751e8b465ee728b)  -> (artifact id: '3a97bf419baa080b77278a1d42061ee8') in 0.004651 seconds 
========================================================================
Received Import Request.
  Time since last request: 3.804336 seconds.
  path: Assets/Music
  artifactKey: Guid(7cce57419b740204ca20d9ed38351646) Importer(815301076,1909f56bfc062723c751e8b465ee728b)
Start importing Assets/Music using Guid(7cce57419b740204ca20d9ed38351646) Importer(815301076,1909f56bfc062723c751e8b465ee728b)  -> (artifact id: '27f18de49e7ed1024a862bf8fb59f4b0') in 0.004358 seconds 
========================================================================
Received Import Request.
  Time since last request: 12.175714 seconds.
  path: Assets/Assets
  artifactKey: Guid(38e907f9a42f5fe43a842ae4f852cf26) Importer(815301076,1909f56bfc062723c751e8b465ee728b)
Start importing Assets/Assets using Guid(38e907f9a42f5fe43a842ae4f852cf26) Importer(815301076,1909f56bfc062723c751e8b465ee728b)  -> (artifact id: '454ece24dcf5bd8ab2ecb3a809b30af6') in 0.004430 seconds 
========================================================================
Received Import Request.
  Time since last request: 18.479424 seconds.
  path: Assets/Scripts/GameManager.cs
  artifactKey: Guid(def06e660b3173744ae833727e534211) Importer(815301076,1909f56bfc062723c751e8b465ee728b)
Start importing Assets/Scripts/GameManager.cs using Guid(def06e660b3173744ae833727e534211) Importer(815301076,1909f56bfc062723c751e8b465ee728b)  -> (artifact id: '24b97b81e471120b07841f73b3fb8042') in 0.027996 seconds 
========================================================================
Received Prepare
Registering precompiled user dll's ...
Registered in 0.004269 seconds.
Begin MonoManager ReloadAssembly
Native extension for WindowsStandalone target not found
Refreshing native plugins compatible for Editor in 1.10 ms, found 2 plugins.
Preloading 0 native plugins for Editor in 0.00 ms.
Mono: successfully reloaded assembly
- Completed reload, in  1.271 seconds
Platform modules already initialized, skipping
Refreshing native plugins compatible for Editor in 0.78 ms, found 2 plugins.
Preloading 0 native plugins for Editor in 0.00 ms.
Unloading 3366 Unused Serialized files (Serialized files now loaded: 0)
System memory in use before: 127.9 MB.
System memory in use after: 128.0 MB.

Unloading 17 unused Assets to reduce memory usage. Loaded Objects now: 3827.
Total: 2.820100 ms (FindLiveObjects: 0.365800 ms CreateObjectMapping: 0.096200 ms MarkObjects: 2.245100 ms  DeleteObjects: 0.111700 ms)

========================================================================
Received Import Request.
  Time since last request: 299.466589 seconds.
  path: Assets/Scenes/SampleScene.unity
  artifactKey: Guid(2cda990e2423bbf4892e6590ba056729) Importer(2089858483,934ff659095e30574adcf32a4c2f97b5)
Start importing Assets/Scenes/SampleScene.unity using Guid(2cda990e2423bbf4892e6590ba056729) Importer(2089858483,934ff659095e30574adcf32a4c2f97b5)  -> (artifact id: '3bc7a3733336b843a1d25c89dab4ca73') in 0.065253 seconds 
========================================================================
Received Import Request.
  Time since last request: 0.000237 seconds.
  path: Assets/Scripts/GameManager.cs
  artifactKey: Guid(def06e660b3173744ae833727e534211) Importer(2089858483,934ff659095e30574adcf32a4c2f97b5)
Start importing Assets/Scripts/GameManager.cs using Guid(def06e660b3173744ae833727e534211) Importer(2089858483,934ff659095e30574adcf32a4c2f97b5)  -> (artifact id: '1dfd0c5d370372a93f89f2937f8ba50d') in 0.006963 seconds 
========================================================================
Received Import Request.
  Time since last request: 24.067377 seconds.
  path: Assets/Scenes/SampleScene.unity
  artifactKey: Guid(2cda990e2423bbf4892e6590ba056729) Importer(2089858483,934ff659095e30574adcf32a4c2f97b5)
Start importing Assets/Scenes/SampleScene.unity using Guid(2cda990e2423bbf4892e6590ba056729) Importer(2089858483,934ff659095e30574adcf32a4c2f97b5)  -> (artifact id: 'dae556154cb64bd8755e37d2c89c5683') in 0.008265 seconds 
AssetImportWorkerClient::OnTransportError - code=2 error=End of file
